<?xml version="1.0" encoding="UTF-8"?>
<!-- Generated by org.testng.reporters.JUnitReportReporter -->
<testsuite skipped="0" hostname="ПК-ПК" name="com.w2a.suite.bankmanager.testcases.OpenAccountTest" tests="2" failures="0" timestamp="12 Aug 2018 17:06:32 GMT" time="126.759" errors="0">
  <testcase name="openAccountTest" time="69.791" classname="com.w2a.suite.bankmanager.testcases.OpenAccountTest"/>
  <testcase name="openAccountTest" time="56.968" classname="com.w2a.suite.bankmanager.testcases.OpenAccountTest"/>
</testsuite> <!-- com.w2a.suite.bankmanager.testcases.OpenAccountTest -->
