<?xml version="1.0" encoding="UTF-8"?>
<!-- Generated by org.testng.reporters.JUnitReportReporter -->
<testsuite skipped="0" hostname="ПК-ПК" name="com.w2a.suite.bankmanager.testcases.AddCustomerTest" tests="2" failures="0" timestamp="12 Aug 2018 17:06:32 GMT" time="126.409" errors="0">
  <testcase name="addCustomerTest" time="57.151" classname="com.w2a.suite.bankmanager.testcases.AddCustomerTest"/>
  <testcase name="addCustomerTest" time="69.258" classname="com.w2a.suite.bankmanager.testcases.AddCustomerTest"/>
</testsuite> <!-- com.w2a.suite.bankmanager.testcases.AddCustomerTest -->
