<?xml version="1.0" encoding="UTF-8"?>
<!-- Generated by org.testng.reporters.JUnitReportReporter -->
<testsuite skipped="0" hostname="ПК-ПК" name="com.w2a.suite.bankmanager.testcases.AddCustomerTest" tests="2" failures="0" timestamp="12 Aug 2018 18:08:56 GMT" time="135.193" errors="0">
  <testcase name="addCustomerTest" time="63.359" classname="com.w2a.suite.bankmanager.testcases.AddCustomerTest"/>
  <testcase name="addCustomerTest" time="71.834" classname="com.w2a.suite.bankmanager.testcases.AddCustomerTest"/>
</testsuite> <!-- com.w2a.suite.bankmanager.testcases.AddCustomerTest -->
