<?xml version="1.0" encoding="UTF-8"?>
<!-- Generated by org.testng.reporters.JUnitReportReporter -->
<testsuite skipped="0" hostname="ПК-ПК" name="com.w2a.suite.bankmanager.testcases.OpenAccountTest" tests="2" failures="0" timestamp="12 Aug 2018 18:08:56 GMT" time="134.066" errors="0">
  <testcase name="openAccountTest" time="72.664" classname="com.w2a.suite.bankmanager.testcases.OpenAccountTest"/>
  <testcase name="openAccountTest" time="61.402" classname="com.w2a.suite.bankmanager.testcases.OpenAccountTest"/>
</testsuite> <!-- com.w2a.suite.bankmanager.testcases.OpenAccountTest -->
